  pch.cpp
  Executive.cpp
  testHarness.cpp
  Generating Code...
Executive.obj : error LNK2019: unresolved external symbol "public: __thiscall MsgPassingCommunication::Message::Message(void)" (??0Message@MsgPassingCommunication@@QAE@XZ) referenced in function _main
Executive.obj : error LNK2019: unresolved external symbol "public: void __thiscall MsgPassingCommunication::Message::name(class std::basic_string<char,struct std::char_traits<char>,class std::allocator<char> > const &)" (?name@Message@MsgPassingCommunication@@QAEXABV?$basic_string@DU?$char_traits@D@std@@V?$allocator@D@2@@std@@@Z) referenced in function _main
Executive.obj : error LNK2019: unresolved external symbol "public: void __thiscall MsgPassingCommunication::Message::file(class std::basic_string<char,struct std::char_traits<char>,class std::allocator<char> > const &)" (?file@Message@MsgPassingCommunication@@QAEXABV?$basic_string@DU?$char_traits@D@std@@V?$allocator@D@2@@std@@@Z) referenced in function _main
testHarness.obj : error LNK2019: unresolved external symbol "public: class std::basic_string<char,struct std::char_traits<char>,class std::allocator<char> > __thiscall MsgPassingCommunication::Message::name(void)" (?name@Message@MsgPassingCommunication@@QAE?AV?$basic_string@DU?$char_traits@D@std@@V?$allocator@D@2@@std@@XZ) referenced in function "public: void __thiscall testHarness::testFunction(class MsgPassingCommunication::Message)" (?testFunction@testHarness@@QAEXVMessage@MsgPassingCommunication@@@Z)
testHarness.obj : error LNK2019: unresolved external symbol "public: class std::basic_string<char,struct std::char_traits<char>,class std::allocator<char> > __thiscall MsgPassingCommunication::Message::file(void)" (?file@Message@MsgPassingCommunication@@QAE?AV?$basic_string@DU?$char_traits@D@std@@V?$allocator@D@2@@std@@XZ) referenced in function "public: void __thiscall testHarness::testFunction(class MsgPassingCommunication::Message)" (?testFunction@testHarness@@QAEXVMessage@MsgPassingCommunication@@@Z)
testHarness.obj : error LNK2019: unresolved external symbol "public: virtual __thiscall Sockets::SocketListener::~SocketListener(void)" (??1SocketListener@Sockets@@UAE@XZ) referenced in function "public: __thiscall MsgPassingCommunication::Receiver::~Receiver(void)" (??1Receiver@MsgPassingCommunication@@QAE@XZ)
testHarness.obj : error LNK2019: unresolved external symbol "public: __thiscall MsgPassingCommunication::Sender::~Sender(void)" (??1Sender@MsgPassingCommunication@@QAE@XZ) referenced in function "public: __thiscall MsgPassingCommunication::Comm::~Comm(void)" (??1Comm@MsgPassingCommunication@@QAE@XZ)
testHarness.obj : error LNK2019: unresolved external symbol "public: __thiscall MsgPassingCommunication::Comm::Comm(struct MsgPassingCommunication::EndPoint,class std::basic_string<char,struct std::char_traits<char>,class std::allocator<char> > const &)" (??0Comm@MsgPassingCommunication@@QAE@UEndPoint@1@ABV?$basic_string@DU?$char_traits@D@std@@V?$allocator@D@2@@std@@@Z) referenced in function "void __cdecl `dynamic initializer for 'comm''(void)" (??__Ecomm@@YAXXZ)
testHarness.obj : error LNK2019: unresolved external symbol "public: void __thiscall MsgPassingCommunication::Comm::start(void)" (?start@Comm@MsgPassingCommunication@@QAEXXZ) referenced in function "public: void __thiscall testHarness::start(void)" (?start@testHarness@@QAEXXZ)
testHarness.obj : error LNK2019: unresolved external symbol "public: void __thiscall MsgPassingCommunication::Comm::stop(void)" (?stop@Comm@MsgPassingCommunication@@QAEXXZ) referenced in function "public: void __thiscall testHarness::end(void)" (?end@testHarness@@QAEXXZ)
testHarness.obj : error LNK2019: unresolved external symbol "public: void __thiscall MsgPassingCommunication::Comm::postMessage(class MsgPassingCommunication::Message)" (?postMessage@Comm@MsgPassingCommunication@@QAEXVMessage@2@@Z) referenced in function "public: void __thiscall testHarness::sendMessage(class MsgPassingCommunication::Message)" (?sendMessage@testHarness@@QAEXVMessage@MsgPassingCommunication@@@Z)
testHarness.obj : error LNK2019: unresolved external symbol "public: class MsgPassingCommunication::Message __thiscall MsgPassingCommunication::Comm::getMessage(void)" (?getMessage@Comm@MsgPassingCommunication@@QAE?AVMessage@2@XZ) referenced in function "public: void __thiscall testHarness::runThread(void)" (?runThread@testHarness@@QAEXXZ)
testHarness.obj : error LNK2019: unresolved external symbol "public: class tinyxml2::XMLElement const * __thiscall tinyxml2::XMLNode::FirstChildElement(char const *)const " (?FirstChildElement@XMLNode@tinyxml2@@QBEPBVXMLElement@2@PBD@Z) referenced in function "public: class tinyxml2::XMLElement * __thiscall tinyxml2::XMLNode::FirstChildElement(char const *)" (?FirstChildElement@XMLNode@tinyxml2@@QAEPAVXMLElement@2@PBD@Z)
testHarness.obj : error LNK2019: unresolved external symbol "public: char const * __thiscall tinyxml2::XMLElement::GetText(void)const " (?GetText@XMLElement@tinyxml2@@QBEPBDXZ) referenced in function "public: void __thiscall testHarness::testFunction(class MsgPassingCommunication::Message)" (?testFunction@testHarness@@QAEXVMessage@MsgPassingCommunication@@@Z)
testHarness.obj : error LNK2019: unresolved external symbol "public: __thiscall tinyxml2::XMLDocument::XMLDocument(bool,enum tinyxml2::Whitespace)" (??0XMLDocument@tinyxml2@@QAE@_NW4Whitespace@1@@Z) referenced in function "public: void __thiscall testHarness::testFunction(class MsgPassingCommunication::Message)" (?testFunction@testHarness@@QAEXVMessage@MsgPassingCommunication@@@Z)
testHarness.obj : error LNK2019: unresolved external symbol "public: virtual __thiscall tinyxml2::XMLDocument::~XMLDocument(void)" (??1XMLDocument@tinyxml2@@UAE@XZ) referenced in function "public: void __thiscall testHarness::testFunction(class MsgPassingCommunication::Message)" (?testFunction@testHarness@@QAEXVMessage@MsgPassingCommunication@@@Z)
testHarness.obj : error LNK2019: unresolved external symbol "public: enum tinyxml2::XMLError __thiscall tinyxml2::XMLDocument::LoadFile(char const *)" (?LoadFile@XMLDocument@tinyxml2@@QAE?AW4XMLError@2@PBD@Z) referenced in function "public: void __thiscall testHarness::testFunction(class MsgPassingCommunication::Message)" (?testFunction@testHarness@@QAEXVMessage@MsgPassingCommunication@@@Z)
C:\Users\acign\Documents\CSE 687 Projects\Project 3\CSE-687-Project-3\Debug\Project3.exe : fatal error LNK1120: 17 unresolved externals
